<?xml version="1.0" encoding="UTF-8"?>
<coverage generated="1642167388287" clover="3.2.0">
  <project timestamp="1642167388287" name="All files">
    <metrics statements="162" coveredstatements="159" conditionals="27" coveredconditionals="24" methods="10" coveredmethods="10" elements="199" coveredelements="193" complexity="0" loc="162" ncloc="162" packages="2" files="4" classes="4"/>
    <package name="inputs">
      <metrics statements="124" coveredstatements="124" conditionals="19" coveredconditionals="18" methods="8" coveredmethods="8"/>
      <file name="FormInput.tsx" path="/mnt/c/Users/jgoos/development/formular/src/inputs/FormInput.tsx">
        <metrics statements="64" coveredstatements="64" conditionals="10" coveredconditionals="9" methods="4" coveredmethods="4"/>
        <line num="1" count="1" type="stmt"/>
        <line num="2" count="1" type="stmt"/>
        <line num="3" count="1" type="stmt"/>
        <line num="4" count="1" type="stmt"/>
        <line num="5" count="1" type="stmt"/>
        <line num="6" count="1" type="stmt"/>
        <line num="7" count="1" type="stmt"/>
        <line num="8" count="1" type="stmt"/>
        <line num="9" count="1" type="stmt"/>
        <line num="10" count="1" type="stmt"/>
        <line num="11" count="1" type="stmt"/>
        <line num="12" count="1" type="stmt"/>
        <line num="13" count="1" type="stmt"/>
        <line num="14" count="1" type="stmt"/>
        <line num="15" count="1" type="stmt"/>
        <line num="16" count="1" type="stmt"/>
        <line num="17" count="1" type="stmt"/>
        <line num="18" count="1" type="stmt"/>
        <line num="19" count="1" type="stmt"/>
        <line num="20" count="1" type="stmt"/>
        <line num="21" count="1" type="stmt"/>
        <line num="22" count="1" type="stmt"/>
        <line num="23" count="1" type="stmt"/>
        <line num="24" count="103" type="cond" truecount="1" falsecount="0"/>
        <line num="25" count="103" type="stmt"/>
        <line num="26" count="103" type="stmt"/>
        <line num="27" count="103" type="cond" truecount="2" falsecount="0"/>
        <line num="28" count="103" type="stmt"/>
        <line num="29" count="103" type="stmt"/>
        <line num="30" count="103" type="stmt"/>
        <line num="31" count="103" type="stmt"/>
        <line num="32" count="103" type="cond" truecount="1" falsecount="0"/>
        <line num="33" count="103" type="cond" truecount="1" falsecount="0"/>
        <line num="34" count="9" type="stmt"/>
        <line num="35" count="9" type="cond" truecount="1" falsecount="1"/>
        <line num="36" count="9" type="stmt"/>
        <line num="37" count="9" type="cond" truecount="1" falsecount="0"/>
        <line num="38" count="3" type="stmt"/>
        <line num="39" count="3" type="stmt"/>
        <line num="40" count="3" type="stmt"/>
        <line num="41" count="3" type="stmt"/>
        <line num="42" count="3" type="stmt"/>
        <line num="43" count="3" type="stmt"/>
        <line num="44" count="3" type="stmt"/>
        <line num="45" count="3" type="stmt"/>
        <line num="46" count="3" type="stmt"/>
        <line num="47" count="9" type="stmt"/>
        <line num="48" count="9" type="stmt"/>
        <line num="49" count="9" type="stmt"/>
        <line num="50" count="9" type="stmt"/>
        <line num="51" count="9" type="stmt"/>
        <line num="52" count="9" type="stmt"/>
        <line num="53" count="9" type="cond" truecount="1" falsecount="0"/>
        <line num="54" count="9" type="stmt"/>
        <line num="55" count="103" type="stmt"/>
        <line num="56" count="103" type="stmt"/>
        <line num="57" count="103" type="stmt"/>
        <line num="58" count="103" type="cond" truecount="1" falsecount="0"/>
        <line num="59" count="103" type="stmt"/>
        <line num="60" count="103" type="stmt"/>
        <line num="61" count="103" type="stmt"/>
        <line num="62" count="103" type="stmt"/>
        <line num="63" count="103" type="stmt"/>
        <line num="64" count="103" type="stmt"/>
      </file>
      <file name="NumberInput.tsx" path="/mnt/c/Users/jgoos/development/formular/src/inputs/NumberInput.tsx">
        <metrics statements="29" coveredstatements="29" conditionals="5" coveredconditionals="5" methods="2" coveredmethods="2"/>
        <line num="1" count="1" type="stmt"/>
        <line num="2" count="1" type="stmt"/>
        <line num="3" count="1" type="stmt"/>
        <line num="4" count="1" type="stmt"/>
        <line num="5" count="1" type="cond" truecount="1" falsecount="0"/>
        <line num="6" count="19" type="stmt"/>
        <line num="7" count="19" type="stmt"/>
        <line num="8" count="19" type="stmt"/>
        <line num="9" count="19" type="stmt"/>
        <line num="10" count="19" type="stmt"/>
        <line num="11" count="19" type="stmt"/>
        <line num="12" count="19" type="stmt"/>
        <line num="13" count="19" type="stmt"/>
        <line num="14" count="19" type="stmt"/>
        <line num="15" count="19" type="stmt"/>
        <line num="16" count="19" type="cond" truecount="1" falsecount="0"/>
        <line num="17" count="19" type="stmt"/>
        <line num="18" count="19" type="stmt"/>
        <line num="19" count="19" type="stmt"/>
        <line num="20" count="19" type="cond" truecount="2" falsecount="0"/>
        <line num="21" count="19" type="cond" truecount="1" falsecount="0"/>
        <line num="22" count="19" type="stmt"/>
        <line num="23" count="19" type="stmt"/>
        <line num="24" count="19" type="stmt"/>
        <line num="25" count="19" type="stmt"/>
        <line num="26" count="19" type="stmt"/>
        <line num="27" count="19" type="stmt"/>
        <line num="28" count="1" type="stmt"/>
        <line num="29" count="1" type="stmt"/>
      </file>
      <file name="StringInput.tsx" path="/mnt/c/Users/jgoos/development/formular/src/inputs/StringInput.tsx">
        <metrics statements="31" coveredstatements="31" conditionals="4" coveredconditionals="4" methods="2" coveredmethods="2"/>
        <line num="1" count="1" type="stmt"/>
        <line num="2" count="1" type="stmt"/>
        <line num="3" count="1" type="stmt"/>
        <line num="4" count="1" type="stmt"/>
        <line num="5" count="1" type="cond" truecount="1" falsecount="0"/>
        <line num="6" count="82" type="stmt"/>
        <line num="7" count="82" type="stmt"/>
        <line num="8" count="82" type="stmt"/>
        <line num="9" count="82" type="stmt"/>
        <line num="10" count="82" type="stmt"/>
        <line num="11" count="82" type="stmt"/>
        <line num="12" count="82" type="stmt"/>
        <line num="13" count="82" type="stmt"/>
        <line num="14" count="82" type="stmt"/>
        <line num="15" count="82" type="stmt"/>
        <line num="16" count="82" type="cond" truecount="1" falsecount="0"/>
        <line num="17" count="82" type="stmt"/>
        <line num="18" count="82" type="stmt"/>
        <line num="19" count="82" type="stmt"/>
        <line num="20" count="82" type="cond" truecount="1" falsecount="0"/>
        <line num="21" count="82" type="cond" truecount="1" falsecount="0"/>
        <line num="22" count="30" type="stmt"/>
        <line num="23" count="82" type="stmt"/>
        <line num="24" count="82" type="stmt"/>
        <line num="25" count="82" type="stmt"/>
        <line num="26" count="82" type="stmt"/>
        <line num="27" count="82" type="stmt"/>
        <line num="28" count="82" type="stmt"/>
        <line num="29" count="82" type="stmt"/>
        <line num="30" count="1" type="stmt"/>
        <line num="31" count="1" type="stmt"/>
      </file>
    </package>
    <package name="test">
      <metrics statements="38" coveredstatements="35" conditionals="8" coveredconditionals="6" methods="2" coveredmethods="2"/>
      <file name="utils.tsx" path="/mnt/c/Users/jgoos/development/formular/src/test/utils.tsx">
        <metrics statements="38" coveredstatements="35" conditionals="8" coveredconditionals="6" methods="2" coveredmethods="2"/>
        <line num="1" count="1" type="stmt"/>
        <line num="2" count="1" type="stmt"/>
        <line num="3" count="1" type="stmt"/>
        <line num="4" count="1" type="stmt"/>
        <line num="5" count="1" type="stmt"/>
        <line num="6" count="1" type="cond" truecount="1" falsecount="0"/>
        <line num="7" count="4" type="stmt"/>
        <line num="8" count="4" type="cond" truecount="0" falsecount="1"/>
        <line num="9" count="0" type="stmt"/>
        <line num="10" count="0" type="stmt"/>
        <line num="11" count="0" type="stmt"/>
        <line num="12" count="4" type="stmt"/>
        <line num="13" count="4" type="stmt"/>
        <line num="14" count="4" type="cond" truecount="1" falsecount="0"/>
        <line num="15" count="4" type="cond" truecount="1" falsecount="1"/>
        <line num="16" count="4" type="cond" truecount="1" falsecount="0"/>
        <line num="17" count="4" type="cond" truecount="1" falsecount="0"/>
        <line num="18" count="4" type="stmt"/>
        <line num="19" count="4" type="stmt"/>
        <line num="20" count="4" type="stmt"/>
        <line num="21" count="4" type="stmt"/>
        <line num="22" count="4" type="stmt"/>
        <line num="23" count="4" type="stmt"/>
        <line num="24" count="4" type="stmt"/>
        <line num="25" count="4" type="stmt"/>
        <line num="26" count="4" type="stmt"/>
        <line num="27" count="4" type="stmt"/>
        <line num="28" count="4" type="stmt"/>
        <line num="29" count="1" type="stmt"/>
        <line num="30" count="1" type="stmt"/>
        <line num="31" count="1" type="stmt"/>
        <line num="32" count="1" type="stmt"/>
        <line num="33" count="1" type="cond" truecount="1" falsecount="0"/>
        <line num="34" count="1" type="stmt"/>
        <line num="35" count="1" type="stmt"/>
        <line num="36" count="1" type="stmt"/>
        <line num="37" count="1" type="stmt"/>
        <line num="38" count="1" type="stmt"/>
      </file>
    </package>
  </project>
</coverage>
