{"/mnt/c/Users/jgoos/development/formular/src/Form.tsx": {"path":"/mnt/c/Users/jgoos/development/formular/src/Form.tsx","all":false,"statementMap":{"0":{"start":{"line":1,"column":0},"end":{"line":1,"column":51}},"1":{"start":{"line":2,"column":0},"end":{"line":2,"column":52}},"2":{"start":{"line":3,"column":0},"end":{"line":3,"column":46}},"3":{"start":{"line":4,"column":0},"end":{"line":4,"column":0}},"4":{"start":{"line":5,"column":0},"end":{"line":5,"column":26}},"5":{"start":{"line":6,"column":0},"end":{"line":6,"column":18}},"6":{"start":{"line":7,"column":0},"end":{"line":7,"column":43}},"7":{"start":{"line":8,"column":0},"end":{"line":8,"column":30}},"8":{"start":{"line":9,"column":0},"end":{"line":9,"column":78}},"9":{"start":{"line":10,"column":0},"end":{"line":10,"column":2}},"10":{"start":{"line":11,"column":0},"end":{"line":11,"column":0}},"11":{"start":{"line":12,"column":0},"end":{"line":12,"column":0}},"12":{"start":{"line":13,"column":0},"end":{"line":13,"column":76}},"13":{"start":{"line":14,"column":0},"end":{"line":14,"column":23}},"14":{"start":{"line":15,"column":0},"end":{"line":15,"column":4}},"15":{"start":{"line":16,"column":0},"end":{"line":16,"column":47}},"16":{"start":{"line":17,"column":0},"end":{"line":17,"column":15}},"17":{"start":{"line":18,"column":0},"end":{"line":18,"column":17}},"18":{"start":{"line":19,"column":0},"end":{"line":19,"column":12}},"19":{"start":{"line":20,"column":0},"end":{"line":20,"column":0}},"20":{"start":{"line":21,"column":0},"end":{"line":21,"column":139}},"21":{"start":{"line":22,"column":0},"end":{"line":22,"column":76}},"22":{"start":{"line":23,"column":0},"end":{"line":23,"column":113}},"23":{"start":{"line":24,"column":0},"end":{"line":24,"column":42}},"24":{"start":{"line":25,"column":0},"end":{"line":25,"column":60}},"25":{"start":{"line":26,"column":0},"end":{"line":26,"column":10}},"26":{"start":{"line":27,"column":0},"end":{"line":27,"column":69}},"27":{"start":{"line":28,"column":0},"end":{"line":28,"column":68}},"28":{"start":{"line":29,"column":0},"end":{"line":29,"column":23}},"29":{"start":{"line":30,"column":0},"end":{"line":30,"column":26}},"30":{"start":{"line":31,"column":0},"end":{"line":31,"column":33}},"31":{"start":{"line":32,"column":0},"end":{"line":32,"column":11}},"32":{"start":{"line":33,"column":0},"end":{"line":33,"column":6}},"33":{"start":{"line":34,"column":0},"end":{"line":34,"column":57}},"34":{"start":{"line":35,"column":0},"end":{"line":35,"column":74}},"35":{"start":{"line":36,"column":0},"end":{"line":36,"column":27}},"36":{"start":{"line":37,"column":0},"end":{"line":37,"column":29}},"37":{"start":{"line":38,"column":0},"end":{"line":38,"column":6}},"38":{"start":{"line":39,"column":0},"end":{"line":39,"column":34}},"39":{"start":{"line":40,"column":0},"end":{"line":40,"column":31}},"40":{"start":{"line":41,"column":0},"end":{"line":41,"column":31}},"41":{"start":{"line":42,"column":0},"end":{"line":42,"column":20}},"42":{"start":{"line":43,"column":0},"end":{"line":43,"column":17}},"43":{"start":{"line":44,"column":0},"end":{"line":44,"column":6}},"44":{"start":{"line":45,"column":0},"end":{"line":45,"column":0}},"45":{"start":{"line":46,"column":0},"end":{"line":46,"column":12}},"46":{"start":{"line":47,"column":0},"end":{"line":47,"column":50}},"47":{"start":{"line":48,"column":0},"end":{"line":48,"column":68}},"48":{"start":{"line":49,"column":0},"end":{"line":49,"column":50}},"49":{"start":{"line":50,"column":0},"end":{"line":50,"column":19}},"50":{"start":{"line":51,"column":0},"end":{"line":51,"column":35}},"51":{"start":{"line":52,"column":0},"end":{"line":52,"column":6}},"52":{"start":{"line":53,"column":0},"end":{"line":53,"column":1}}},"s":{"0":1,"1":1,"2":1,"3":1,"4":1,"5":1,"6":1,"7":1,"8":1,"9":1,"10":1,"11":1,"12":1,"13":41,"14":41,"15":41,"16":41,"17":41,"18":41,"19":1,"20":41,"21":41,"22":41,"23":41,"24":31,"25":41,"26":41,"27":41,"28":5,"29":5,"30":5,"31":5,"32":41,"33":41,"34":41,"35":3,"36":3,"37":41,"38":41,"39":41,"40":41,"41":41,"42":41,"43":41,"44":41,"45":41,"46":41,"47":41,"48":41,"49":41,"50":41,"51":41,"52":41},"branchMap":{"0":{"type":"branch","line":13,"loc":{"start":{"line":13,"column":30},"end":{"line":19,"column":12}},"locations":[{"start":{"line":13,"column":30},"end":{"line":19,"column":12}}]},"1":{"type":"branch","line":16,"loc":{"start":{"line":16,"column":31},"end":{"line":16,"column":47}},"locations":[{"start":{"line":16,"column":31},"end":{"line":16,"column":47}}]},"2":{"type":"branch","line":21,"loc":{"start":{"line":21,"column":0},"end":{"line":53,"column":1}},"locations":[{"start":{"line":21,"column":0},"end":{"line":53,"column":1}}]},"3":{"type":"branch","line":24,"loc":{"start":{"line":24,"column":24},"end":{"line":26,"column":9}},"locations":[{"start":{"line":24,"column":24},"end":{"line":26,"column":9}}]},"4":{"type":"branch","line":27,"loc":{"start":{"line":27,"column":24},"end":{"line":27,"column":62}},"locations":[{"start":{"line":27,"column":24},"end":{"line":27,"column":62}}]},"5":{"type":"branch","line":28,"loc":{"start":{"line":28,"column":24},"end":{"line":33,"column":5}},"locations":[{"start":{"line":28,"column":24},"end":{"line":33,"column":5}}]},"6":{"type":"branch","line":34,"loc":{"start":{"line":34,"column":22},"end":{"line":34,"column":50}},"locations":[{"start":{"line":34,"column":22},"end":{"line":34,"column":50}}]},"7":{"type":"branch","line":35,"loc":{"start":{"line":35,"column":66},"end":{"line":38,"column":5}},"locations":[{"start":{"line":35,"column":66},"end":{"line":38,"column":5}}]}},"b":{"0":[41],"1":[95],"2":[41],"3":[31],"4":[96],"5":[5],"6":[96],"7":[3]},"fnMap":{"0":{"name":"generateInitialErrors","decl":{"start":{"line":13,"column":30},"end":{"line":19,"column":12}},"loc":{"start":{"line":13,"column":30},"end":{"line":19,"column":12}},"line":13},"1":{"name":"Form","decl":{"start":{"line":21,"column":0},"end":{"line":53,"column":1}},"loc":{"start":{"line":21,"column":0},"end":{"line":53,"column":1}},"line":21},"2":{"name":"setFormValue","decl":{"start":{"line":24,"column":24},"end":{"line":26,"column":9}},"loc":{"start":{"line":24,"column":24},"end":{"line":26,"column":9}},"line":24},"3":{"name":"getFormValue","decl":{"start":{"line":27,"column":24},"end":{"line":27,"column":62}},"loc":{"start":{"line":27,"column":24},"end":{"line":27,"column":62}},"line":27},"4":{"name":"setValidity","decl":{"start":{"line":28,"column":24},"end":{"line":33,"column":5}},"loc":{"start":{"line":28,"column":24},"end":{"line":33,"column":5}},"line":28},"5":{"name":"getErrors","decl":{"start":{"line":34,"column":22},"end":{"line":34,"column":50}},"loc":{"start":{"line":34,"column":22},"end":{"line":34,"column":50}},"line":34},"6":{"name":"onFormSubmit","decl":{"start":{"line":35,"column":66},"end":{"line":38,"column":5}},"loc":{"start":{"line":35,"column":66},"end":{"line":38,"column":5}},"line":35}},"f":{"0":41,"1":41,"2":31,"3":96,"4":5,"5":96,"6":3}}
,"/mnt/c/Users/jgoos/development/formular/src/inputs/NumberInput.tsx": {"path":"/mnt/c/Users/jgoos/development/formular/src/inputs/NumberInput.tsx","all":false,"statementMap":{"0":{"start":{"line":1,"column":0},"end":{"line":1,"column":51}},"1":{"start":{"line":2,"column":0},"end":{"line":2,"column":34}},"2":{"start":{"line":3,"column":0},"end":{"line":3,"column":61}},"3":{"start":{"line":4,"column":0},"end":{"line":4,"column":0}},"4":{"start":{"line":5,"column":0},"end":{"line":5,"column":49}},"5":{"start":{"line":6,"column":0},"end":{"line":6,"column":9}},"6":{"start":{"line":7,"column":0},"end":{"line":7,"column":20}},"7":{"start":{"line":8,"column":0},"end":{"line":8,"column":15}},"8":{"start":{"line":9,"column":0},"end":{"line":9,"column":17}},"9":{"start":{"line":10,"column":0},"end":{"line":10,"column":7}},"10":{"start":{"line":11,"column":0},"end":{"line":11,"column":22}},"11":{"start":{"line":12,"column":0},"end":{"line":12,"column":19}},"12":{"start":{"line":13,"column":0},"end":{"line":13,"column":31}},"13":{"start":{"line":14,"column":0},"end":{"line":14,"column":31}},"14":{"start":{"line":15,"column":0},"end":{"line":15,"column":5}},"15":{"start":{"line":16,"column":0},"end":{"line":16,"column":41}},"16":{"start":{"line":17,"column":0},"end":{"line":17,"column":18}},"17":{"start":{"line":18,"column":0},"end":{"line":18,"column":29}},"18":{"start":{"line":19,"column":0},"end":{"line":19,"column":27}},"19":{"start":{"line":20,"column":0},"end":{"line":20,"column":53}},"20":{"start":{"line":21,"column":0},"end":{"line":21,"column":72}},"21":{"start":{"line":22,"column":0},"end":{"line":22,"column":31}},"22":{"start":{"line":23,"column":0},"end":{"line":23,"column":14}},"23":{"start":{"line":24,"column":0},"end":{"line":24,"column":10}},"24":{"start":{"line":25,"column":0},"end":{"line":25,"column":16}},"25":{"start":{"line":26,"column":0},"end":{"line":26,"column":2}},"26":{"start":{"line":27,"column":0},"end":{"line":27,"column":0}},"27":{"start":{"line":28,"column":0},"end":{"line":28,"column":26}}},"s":{"0":1,"1":1,"2":1,"3":1,"4":1,"5":17,"6":17,"7":17,"8":17,"9":17,"10":17,"11":17,"12":17,"13":17,"14":17,"15":17,"16":17,"17":17,"18":17,"19":17,"20":17,"21":17,"22":17,"23":17,"24":17,"25":17,"26":1,"27":1},"branchMap":{"0":{"type":"branch","line":5,"loc":{"start":{"line":5,"column":47},"end":{"line":26,"column":2}},"locations":[{"start":{"line":5,"column":47},"end":{"line":26,"column":2}}]},"1":{"type":"branch","line":16,"loc":{"start":{"line":16,"column":9},"end":{"line":16,"column":41}},"locations":[{"start":{"line":16,"column":9},"end":{"line":16,"column":41}}]},"2":{"type":"branch","line":20,"loc":{"start":{"line":20,"column":29},"end":{"line":20,"column":47}},"locations":[{"start":{"line":20,"column":29},"end":{"line":20,"column":47}}]},"3":{"type":"branch","line":20,"loc":{"start":{"line":20,"column":48},"end":{"line":20,"column":52}},"locations":[{"start":{"line":20,"column":48},"end":{"line":20,"column":52}}]},"4":{"type":"branch","line":21,"loc":{"start":{"line":21,"column":26},"end":{"line":21,"column":41}},"locations":[{"start":{"line":21,"column":26},"end":{"line":21,"column":41}}]}},"b":{"0":[17],"1":[17],"2":[2],"3":[15],"4":[2]},"fnMap":{"0":{"name":"NumberInput","decl":{"start":{"line":5,"column":47},"end":{"line":26,"column":2}},"loc":{"start":{"line":5,"column":47},"end":{"line":26,"column":2}},"line":5},"1":{"name":"onChange","decl":{"start":{"line":21,"column":26},"end":{"line":21,"column":41}},"loc":{"start":{"line":21,"column":26},"end":{"line":21,"column":41}},"line":21}},"f":{"0":17,"1":2}}
,"/mnt/c/Users/jgoos/development/formular/src/inputs/StringInput.tsx": {"path":"/mnt/c/Users/jgoos/development/formular/src/inputs/StringInput.tsx","all":false,"statementMap":{"0":{"start":{"line":1,"column":0},"end":{"line":1,"column":51}},"1":{"start":{"line":2,"column":0},"end":{"line":2,"column":61}},"2":{"start":{"line":3,"column":0},"end":{"line":3,"column":34}},"3":{"start":{"line":4,"column":0},"end":{"line":4,"column":0}},"4":{"start":{"line":5,"column":0},"end":{"line":5,"column":49}},"5":{"start":{"line":6,"column":0},"end":{"line":6,"column":9}},"6":{"start":{"line":7,"column":0},"end":{"line":7,"column":20}},"7":{"start":{"line":8,"column":0},"end":{"line":8,"column":15}},"8":{"start":{"line":9,"column":0},"end":{"line":9,"column":17}},"9":{"start":{"line":10,"column":0},"end":{"line":10,"column":7}},"10":{"start":{"line":11,"column":0},"end":{"line":11,"column":22}},"11":{"start":{"line":12,"column":0},"end":{"line":12,"column":19}},"12":{"start":{"line":13,"column":0},"end":{"line":13,"column":31}},"13":{"start":{"line":14,"column":0},"end":{"line":14,"column":31}},"14":{"start":{"line":15,"column":0},"end":{"line":15,"column":5}},"15":{"start":{"line":16,"column":0},"end":{"line":16,"column":60}},"16":{"start":{"line":17,"column":0},"end":{"line":17,"column":18}},"17":{"start":{"line":18,"column":0},"end":{"line":18,"column":27}},"18":{"start":{"line":19,"column":0},"end":{"line":19,"column":27}},"19":{"start":{"line":20,"column":0},"end":{"line":20,"column":35}},"20":{"start":{"line":21,"column":0},"end":{"line":21,"column":34}},"21":{"start":{"line":22,"column":0},"end":{"line":22,"column":45}},"22":{"start":{"line":23,"column":0},"end":{"line":23,"column":18}},"23":{"start":{"line":24,"column":0},"end":{"line":24,"column":42}},"24":{"start":{"line":25,"column":0},"end":{"line":25,"column":31}},"25":{"start":{"line":26,"column":0},"end":{"line":26,"column":14}},"26":{"start":{"line":27,"column":0},"end":{"line":27,"column":10}},"27":{"start":{"line":28,"column":0},"end":{"line":28,"column":16}},"28":{"start":{"line":29,"column":0},"end":{"line":29,"column":2}},"29":{"start":{"line":30,"column":0},"end":{"line":30,"column":0}},"30":{"start":{"line":31,"column":0},"end":{"line":31,"column":27}}},"s":{"0":1,"1":1,"2":1,"3":1,"4":1,"5":79,"6":79,"7":79,"8":79,"9":79,"10":79,"11":79,"12":79,"13":79,"14":79,"15":79,"16":79,"17":79,"18":79,"19":79,"20":79,"21":29,"22":79,"23":79,"24":79,"25":79,"26":79,"27":79,"28":79,"29":1,"30":1},"branchMap":{"0":{"type":"branch","line":5,"loc":{"start":{"line":5,"column":47},"end":{"line":29,"column":2}},"locations":[{"start":{"line":5,"column":47},"end":{"line":29,"column":2}}]},"1":{"type":"branch","line":16,"loc":{"start":{"line":16,"column":9},"end":{"line":16,"column":60}},"locations":[{"start":{"line":16,"column":9},"end":{"line":16,"column":60}}]},"2":{"type":"branch","line":20,"loc":{"start":{"line":20,"column":28},"end":{"line":20,"column":34}},"locations":[{"start":{"line":20,"column":28},"end":{"line":20,"column":34}}]},"3":{"type":"branch","line":21,"loc":{"start":{"line":21,"column":26},"end":{"line":23,"column":17}},"locations":[{"start":{"line":21,"column":26},"end":{"line":23,"column":17}}]}},"b":{"0":[79],"1":[79],"2":[25],"3":[29]},"fnMap":{"0":{"name":"StringInput","decl":{"start":{"line":5,"column":47},"end":{"line":29,"column":2}},"loc":{"start":{"line":5,"column":47},"end":{"line":29,"column":2}},"line":5},"1":{"name":"onChange","decl":{"start":{"line":21,"column":26},"end":{"line":23,"column":17}},"loc":{"start":{"line":21,"column":26},"end":{"line":23,"column":17}},"line":21}},"f":{"0":79,"1":29}}
}
