TN:
SF:src/inputs/FormInput.tsx
FN:24,FormInput
FN:33,validate
FN:37,validators.map.reduce.isValid
FN:58,onChange
FNF:4
FNH:4
FNDA:103,FormInput
FNDA:9,validate
FNDA:3,validators.map.reduce.isValid
FNDA:34,onChange
DA:1,1
DA:2,1
DA:3,1
DA:4,1
DA:5,1
DA:6,1
DA:7,1
DA:8,1
DA:9,1
DA:10,1
DA:11,1
DA:12,1
DA:13,1
DA:14,1
DA:15,1
DA:16,1
DA:17,1
DA:18,1
DA:19,1
DA:20,1
DA:21,1
DA:22,1
DA:23,1
DA:24,103
DA:25,103
DA:26,103
DA:27,103
DA:28,103
DA:29,103
DA:30,103
DA:31,103
DA:32,103
DA:33,103
DA:34,9
DA:35,9
DA:36,9
DA:37,9
DA:38,3
DA:39,3
DA:40,3
DA:41,3
DA:42,3
DA:43,3
DA:44,3
DA:45,3
DA:46,3
DA:47,9
DA:48,9
DA:49,9
DA:50,9
DA:51,9
DA:52,9
DA:53,9
DA:54,9
DA:55,103
DA:56,103
DA:57,103
DA:58,103
DA:59,103
DA:60,103
DA:61,103
DA:62,103
DA:63,103
DA:64,103
LF:64
LH:64
BRDA:24,0,0,103
BRDA:27,1,0,99
BRDA:27,2,0,4
BRDA:32,3,0,5
BRDA:33,4,0,9
BRDA:35,5,0,3
BRDA:35,6,0,0
BRDA:37,7,0,3
BRDA:53,8,0,3
BRDA:58,9,0,34
BRF:10
BRH:9
end_of_record
TN:
SF:src/inputs/NumberInput.tsx
FN:5,NumberInput
FN:21,onChange
FNF:2
FNH:2
FNDA:19,NumberInput
FNDA:3,onChange
DA:1,1
DA:2,1
DA:3,1
DA:4,1
DA:5,1
DA:6,19
DA:7,19
DA:8,19
DA:9,19
DA:10,19
DA:11,19
DA:12,19
DA:13,19
DA:14,19
DA:15,19
DA:16,19
DA:17,19
DA:18,19
DA:19,19
DA:20,19
DA:21,19
DA:22,19
DA:23,19
DA:24,19
DA:25,19
DA:26,19
DA:27,19
DA:28,1
DA:29,1
LF:29
LH:29
BRDA:5,0,0,19
BRDA:16,1,0,19
BRDA:20,2,0,3
BRDA:20,3,0,16
BRDA:21,4,0,3
BRF:5
BRH:5
end_of_record
TN:
SF:src/inputs/StringInput.tsx
FN:5,StringInput
FN:21,onChange
FNF:2
FNH:2
FNDA:82,StringInput
FNDA:30,onChange
DA:1,1
DA:2,1
DA:3,1
DA:4,1
DA:5,1
DA:6,82
DA:7,82
DA:8,82
DA:9,82
DA:10,82
DA:11,82
DA:12,82
DA:13,82
DA:14,82
DA:15,82
DA:16,82
DA:17,82
DA:18,82
DA:19,82
DA:20,82
DA:21,82
DA:22,30
DA:23,82
DA:24,82
DA:25,82
DA:26,82
DA:27,82
DA:28,82
DA:29,82
DA:30,1
DA:31,1
LF:31
LH:31
BRDA:5,0,0,82
BRDA:16,1,0,82
BRDA:20,2,0,26
BRDA:21,3,0,30
BRF:4
BRH:4
end_of_record
TN:
SF:src/test/utils.tsx
FN:6,renderWithFormContext
FN:33,validator
FNF:2
FNH:2
FNDA:4,renderWithFormContext
FNDA:3,validator
DA:1,1
DA:2,1
DA:3,1
DA:4,1
DA:5,1
DA:6,1
DA:7,4
DA:8,4
DA:9,0
DA:10,0
DA:11,0
DA:12,4
DA:13,4
DA:14,4
DA:15,4
DA:16,4
DA:17,4
DA:18,4
DA:19,4
DA:20,4
DA:21,4
DA:22,4
DA:23,4
DA:24,4
DA:25,4
DA:26,4
DA:27,4
DA:28,4
DA:29,1
DA:30,1
DA:31,1
DA:32,1
DA:33,1
DA:34,1
DA:35,1
DA:36,1
DA:37,1
DA:38,1
LF:38
LH:35
BRDA:6,0,0,4
BRDA:8,1,0,0
BRDA:14,2,0,3
BRDA:15,3,0,4
BRDA:15,4,0,0
BRDA:16,5,0,3
BRDA:17,6,0,4
BRDA:33,7,0,3
BRF:8
BRH:6
end_of_record
