TN:
SF:src/Form.tsx
FN:13,generateInitialErrors
FN:21,Form
FN:24,setFormValue
FN:27,getFormValue
FN:28,setValidity
FN:34,getErrors
FN:35,onFormSubmit
FNF:7
FNH:7
FNDA:41,generateInitialErrors
FNDA:41,Form
FNDA:31,setFormValue
FNDA:96,getFormValue
FNDA:5,setValidity
FNDA:96,getErrors
FNDA:3,onFormSubmit
DA:1,1
DA:2,1
DA:3,1
DA:4,1
DA:5,1
DA:6,1
DA:7,1
DA:8,1
DA:9,1
DA:10,1
DA:11,1
DA:12,1
DA:13,1
DA:14,41
DA:15,41
DA:16,41
DA:17,41
DA:18,41
DA:19,41
DA:20,1
DA:21,41
DA:22,41
DA:23,41
DA:24,41
DA:25,31
DA:26,41
DA:27,41
DA:28,41
DA:29,5
DA:30,5
DA:31,5
DA:32,5
DA:33,41
DA:34,41
DA:35,41
DA:36,3
DA:37,3
DA:38,41
DA:39,41
DA:40,41
DA:41,41
DA:42,41
DA:43,41
DA:44,41
DA:45,41
DA:46,41
DA:47,41
DA:48,41
DA:49,41
DA:50,41
DA:51,41
DA:52,41
DA:53,41
LF:53
LH:53
BRDA:13,0,0,41
BRDA:16,1,0,95
BRDA:21,2,0,41
BRDA:24,3,0,31
BRDA:27,4,0,96
BRDA:28,5,0,5
BRDA:34,6,0,96
BRDA:35,7,0,3
BRF:8
BRH:8
end_of_record
TN:
SF:src/inputs/NumberInput.tsx
FN:5,NumberInput
FN:21,onChange
FNF:2
FNH:2
FNDA:17,NumberInput
FNDA:2,onChange
DA:1,1
DA:2,1
DA:3,1
DA:4,1
DA:5,1
DA:6,17
DA:7,17
DA:8,17
DA:9,17
DA:10,17
DA:11,17
DA:12,17
DA:13,17
DA:14,17
DA:15,17
DA:16,17
DA:17,17
DA:18,17
DA:19,17
DA:20,17
DA:21,17
DA:22,17
DA:23,17
DA:24,17
DA:25,17
DA:26,17
DA:27,1
DA:28,1
LF:28
LH:28
BRDA:5,0,0,17
BRDA:16,1,0,17
BRDA:20,2,0,2
BRDA:20,3,0,15
BRDA:21,4,0,2
BRF:5
BRH:5
end_of_record
TN:
SF:src/inputs/StringInput.tsx
FN:5,StringInput
FN:21,onChange
FNF:2
FNH:2
FNDA:79,StringInput
FNDA:29,onChange
DA:1,1
DA:2,1
DA:3,1
DA:4,1
DA:5,1
DA:6,79
DA:7,79
DA:8,79
DA:9,79
DA:10,79
DA:11,79
DA:12,79
DA:13,79
DA:14,79
DA:15,79
DA:16,79
DA:17,79
DA:18,79
DA:19,79
DA:20,79
DA:21,79
DA:22,29
DA:23,79
DA:24,79
DA:25,79
DA:26,79
DA:27,79
DA:28,79
DA:29,79
DA:30,1
DA:31,1
LF:31
LH:31
BRDA:5,0,0,79
BRDA:16,1,0,79
BRDA:20,2,0,25
BRDA:21,3,0,29
BRF:4
BRH:4
end_of_record
